<?xml version="1.0" encoding="UTF-8"?>
<!-- Generated by org.testng.reporters.JUnitXMLReporter -->
<testsuite ignored="0" hostname="dans-asus" failures="0" tests="3" name="Test" time="34.926" errors="0" timestamp="2024-06-07T15:24:14 IST">
  <testcase classname="assertion_pack.TestCase01_Assert" name="testCase01_Assert" time="13.767"/>
  <testcase classname="assertion_pack.TestCase02_Assert" name="testCase02_Assert" time="11.07"/>
  <testcase classname="assertion_pack.ApparelTestCase_Assert" name="apparelTestCase_Assert" time="10.005"/>
</testsuite> <!-- Test -->
